
> vibe-generated-app@1.0.0 dev
> vite


  VITE v5.4.20  ready in 249 ms

  ➜  Local:   http://localhost:3000/
  ➜  Network: http://172.20.2.49:3000/
6:39:59 PM [vite] Pre-transform error: Failed to resolve import "@/content" from "src/components/TestimonialsSection.tsx". Does the file exist?
6:39:59 PM [vite] Pre-transform error: Failed to resolve import "@/content" from "src/components/FeaturesSection.tsx". Does the file exist?
6:39:59 PM [vite] Pre-transform error: Failed to resolve import "@/content" from "src/components/LogoStrip.tsx". Does the file exist?
6:39:59 PM [vite] Pre-transform error: Failed to resolve import "@/content" from "src/components/HeroSection.tsx". Does the file exist?
6:39:59 PM [vite] Pre-transform error: Failed to resolve import "@/content" from "src/components/FAQSection.tsx". Does the file exist?
6:39:59 PM [vite] Pre-transform error: Failed to resolve import "@/content" from "src/components/PricingSection.tsx". Does the file exist?
6:39:59 PM [vite] Pre-transform error: Failed to resolve import "@/content" from "src/components/UseCasesSection.tsx". Does the file exist?
6:39:59 PM [vite] Pre-transform error: Failed to resolve import "@/content" from "src/components/Layout.tsx". Does the file exist?
6:40:02 PM [vite] Internal server error: Failed to resolve import "@/content" from "src/components/Layout.tsx". Does the file exist?
  Plugin: vite:import-analysis
  File: /home/workspace/src/components/Layout.tsx:3:21
  2  |  import { useState } from "react";
  3  |  import { Menu, X, ArrowUpRight } from "lucide-react";
  4  |  import { site } from "@/content";
     |                        ^
  5  |  import { Container, Button } from "./ui";
  6  |  const Nav = () => {
      at TransformPluginContext._formatError (file:///home/workspace/node_modules/vite/dist/node/chunks/dep-D_zLpgQd.js:49258:41)
      at TransformPluginContext.error (file:///home/workspace/node_modules/vite/dist/node/chunks/dep-D_zLpgQd.js:49253:16)
      at normalizeUrl (file:///home/workspace/node_modules/vite/dist/node/chunks/dep-D_zLpgQd.js:64306:23)
      at process.processTicksAndRejections (node:internal/process/task_queues:105:5)
      at async file:///home/workspace/node_modules/vite/dist/node/chunks/dep-D_zLpgQd.js:64438:39
      at async Promise.all (index 3)
      at async TransformPluginContext.transform (file:///home/workspace/node_modules/vite/dist/node/chunks/dep-D_zLpgQd.js:64365:7)
      at async PluginContainer.transform (file:///home/workspace/node_modules/vite/dist/node/chunks/dep-D_zLpgQd.js:49099:18)
      at async loadAndTransform (file:///home/workspace/node_modules/vite/dist/node/chunks/dep-D_zLpgQd.js:51977:27)
      at async viteTransformMiddleware (file:///home/workspace/node_modules/vite/dist/node/chunks/dep-D_zLpgQd.js:62105:24)
6:40:02 PM [vite] Internal server error: Failed to resolve import "@/content" from "src/components/HeroSection.tsx". Does the file exist?
  Plugin: vite:import-analysis
  File: /home/workspace/src/components/HeroSection.tsx:4:21
  2  |  import { motion, useMotionTemplate, useMotionValue } from "framer-motion";
  3  |  import { ArrowRight } from "lucide-react";
  4  |  import { site } from "@/content";
     |                        ^
  5  |  import { Container, H1, Sub, Button, FadeIn } from "./ui";
  6  |  const HoverGlow = ({ children }) => {
      at TransformPluginContext._formatError (file:///home/workspace/node_modules/vite/dist/node/chunks/dep-D_zLpgQd.js:49258:41)
      at TransformPluginContext.error (file:///home/workspace/node_modules/vite/dist/node/chunks/dep-D_zLpgQd.js:49253:16)
      at normalizeUrl (file:///home/workspace/node_modules/vite/dist/node/chunks/dep-D_zLpgQd.js:64306:23)
      at process.processTicksAndRejections (node:internal/process/task_queues:105:5)
      at async file:///home/workspace/node_modules/vite/dist/node/chunks/dep-D_zLpgQd.js:64438:39
      at async Promise.all (index 3)
      at async TransformPluginContext.transform (file:///home/workspace/node_modules/vite/dist/node/chunks/dep-D_zLpgQd.js:64365:7)
      at async PluginContainer.transform (file:///home/workspace/node_modules/vite/dist/node/chunks/dep-D_zLpgQd.js:49099:18)
      at async loadAndTransform (file:///home/workspace/node_modules/vite/dist/node/chunks/dep-D_zLpgQd.js:51977:27)
      at async viteTransformMiddleware (file:///home/workspace/node_modules/vite/dist/node/chunks/dep-D_zLpgQd.js:62105:24)
6:40:02 PM [vite] Internal server error: Failed to resolve import "@/content" from "src/components/LogoStrip.tsx". Does the file exist?
  Plugin: vite:import-analysis
  File: /home/workspace/src/components/LogoStrip.tsx:3:21
  1  |  import { jsxDEV } from "react/jsx-dev-runtime";
  2  |  import { Container, FadeIn } from "./ui";
  3  |  import { site } from "@/content";
     |                        ^
  4  |  const LogoStrip = () => /* @__PURE__ */ jsxDEV("div", { className: "border-b border-white/10 py-10", children: /* @__PURE__ */ jsxDEV(Container, { children: /* @__PURE__ */ jsxDEV(FadeIn, { children: /* @__PURE__ */ jsxDEV("div", { className: "flex flex-wrap items-center justify-center gap-x-10 gap-y-6 opacity-70", children: site.logos.map((name) => /* @__PURE__ */ jsxDEV("div", { className: "text-sm text-gray-400", children: name }, name, false, {
  5  |    fileName: "/home/workspace/src/components/LogoStrip.tsx",
      at TransformPluginContext._formatError (file:///home/workspace/node_modules/vite/dist/node/chunks/dep-D_zLpgQd.js:49258:41)
      at TransformPluginContext.error (file:///home/workspace/node_modules/vite/dist/node/chunks/dep-D_zLpgQd.js:49253:16)
      at normalizeUrl (file:///home/workspace/node_modules/vite/dist/node/chunks/dep-D_zLpgQd.js:64306:23)
      at process.processTicksAndRejections (node:internal/process/task_queues:105:5)
      at async file:///home/workspace/node_modules/vite/dist/node/chunks/dep-D_zLpgQd.js:64438:39
      at async Promise.all (index 2)
      at async TransformPluginContext.transform (file:///home/workspace/node_modules/vite/dist/node/chunks/dep-D_zLpgQd.js:64365:7)
      at async PluginContainer.transform (file:///home/workspace/node_modules/vite/dist/node/chunks/dep-D_zLpgQd.js:49099:18)
      at async loadAndTransform (file:///home/workspace/node_modules/vite/dist/node/chunks/dep-D_zLpgQd.js:51977:27)
      at async viteTransformMiddleware (file:///home/workspace/node_modules/vite/dist/node/chunks/dep-D_zLpgQd.js:62105:24)
6:40:03 PM [vite] Internal server error: Failed to resolve import "@/content" from "src/components/FeaturesSection.tsx". Does the file exist?
  Plugin: vite:import-analysis
  File: /home/workspace/src/components/FeaturesSection.tsx:3:21
  1  |  import { jsxDEV } from "react/jsx-dev-runtime";
  2  |  import { Container, Section, H2, Sub, Card, FadeIn } from "./ui";
  3  |  import { site } from "@/content";
     |                        ^
  4  |  import * as Icons from "lucide-react";
  5  |  const FeaturesSection = () => {
      at TransformPluginContext._formatError (file:///home/workspace/node_modules/vite/dist/node/chunks/dep-D_zLpgQd.js:49258:41)
      at TransformPluginContext.error (file:///home/workspace/node_modules/vite/dist/node/chunks/dep-D_zLpgQd.js:49253:16)
      at normalizeUrl (file:///home/workspace/node_modules/vite/dist/node/chunks/dep-D_zLpgQd.js:64306:23)
      at process.processTicksAndRejections (node:internal/process/task_queues:105:5)
      at async file:///home/workspace/node_modules/vite/dist/node/chunks/dep-D_zLpgQd.js:64438:39
      at async Promise.all (index 2)
      at async TransformPluginContext.transform (file:///home/workspace/node_modules/vite/dist/node/chunks/dep-D_zLpgQd.js:64365:7)
      at async PluginContainer.transform (file:///home/workspace/node_modules/vite/dist/node/chunks/dep-D_zLpgQd.js:49099:18)
      at async loadAndTransform (file:///home/workspace/node_modules/vite/dist/node/chunks/dep-D_zLpgQd.js:51977:27)
      at async viteTransformMiddleware (file:///home/workspace/node_modules/vite/dist/node/chunks/dep-D_zLpgQd.js:62105:24)
6:40:03 PM [vite] Internal server error: Failed to resolve import "@/content" from "src/components/UseCasesSection.tsx". Does the file exist?
  Plugin: vite:import-analysis
  File: /home/workspace/src/components/UseCasesSection.tsx:3:21
  1  |  import { jsxDEV } from "react/jsx-dev-runtime";
  2  |  import { Container, Section, H2, Sub, Card, FadeIn } from "./ui";
  3  |  import { site } from "@/content";
     |                        ^
  4  |  const UseCasesSection = () => /* @__PURE__ */ jsxDEV(Section, { id: "use-cases", children: /* @__PURE__ */ jsxDEV(Container, { children: [
  5  |    /* @__PURE__ */ jsxDEV("div", { className: "mx-auto max-w-2xl text-center", children: [
      at TransformPluginContext._formatError (file:///home/workspace/node_modules/vite/dist/node/chunks/dep-D_zLpgQd.js:49258:41)
      at TransformPluginContext.error (file:///home/workspace/node_modules/vite/dist/node/chunks/dep-D_zLpgQd.js:49253:16)
      at normalizeUrl (file:///home/workspace/node_modules/vite/dist/node/chunks/dep-D_zLpgQd.js:64306:23)
      at process.processTicksAndRejections (node:internal/process/task_queues:105:5)
      at async file:///home/workspace/node_modules/vite/dist/node/chunks/dep-D_zLpgQd.js:64438:39
      at async Promise.all (index 2)
      at async TransformPluginContext.transform (file:///home/workspace/node_modules/vite/dist/node/chunks/dep-D_zLpgQd.js:64365:7)
      at async PluginContainer.transform (file:///home/workspace/node_modules/vite/dist/node/chunks/dep-D_zLpgQd.js:49099:18)
      at async loadAndTransform (file:///home/workspace/node_modules/vite/dist/node/chunks/dep-D_zLpgQd.js:51977:27)
      at async viteTransformMiddleware (file:///home/workspace/node_modules/vite/dist/node/chunks/dep-D_zLpgQd.js:62105:24)
6:40:03 PM [vite] Internal server error: Failed to resolve import "@/content" from "src/components/TestimonialsSection.tsx". Does the file exist?
  Plugin: vite:import-analysis
  File: /home/workspace/src/components/TestimonialsSection.tsx:3:21
  1  |  import { jsxDEV } from "react/jsx-dev-runtime";
  2  |  import { Container, Section, H2, Sub, Card, FadeIn } from "./ui";
  3  |  import { site } from "@/content";
     |                        ^
  4  |  const TestimonialsSection = () => /* @__PURE__ */ jsxDEV(Section, { children: /* @__PURE__ */ jsxDEV(Container, { children: [
  5  |    /* @__PURE__ */ jsxDEV("div", { className: "mx-auto max-w-2xl text-center", children: [
      at TransformPluginContext._formatError (file:///home/workspace/node_modules/vite/dist/node/chunks/dep-D_zLpgQd.js:49258:41)
      at TransformPluginContext.error (file:///home/workspace/node_modules/vite/dist/node/chunks/dep-D_zLpgQd.js:49253:16)
      at normalizeUrl (file:///home/workspace/node_modules/vite/dist/node/chunks/dep-D_zLpgQd.js:64306:23)
      at process.processTicksAndRejections (node:internal/process/task_queues:105:5)
      at async file:///home/workspace/node_modules/vite/dist/node/chunks/dep-D_zLpgQd.js:64438:39
      at async Promise.all (index 2)
      at async TransformPluginContext.transform (file:///home/workspace/node_modules/vite/dist/node/chunks/dep-D_zLpgQd.js:64365:7)
      at async PluginContainer.transform (file:///home/workspace/node_modules/vite/dist/node/chunks/dep-D_zLpgQd.js:49099:18)
      at async loadAndTransform (file:///home/workspace/node_modules/vite/dist/node/chunks/dep-D_zLpgQd.js:51977:27)
      at async viteTransformMiddleware (file:///home/workspace/node_modules/vite/dist/node/chunks/dep-D_zLpgQd.js:62105:24)
6:40:03 PM [vite] Internal server error: Failed to resolve import "@/content" from "src/components/PricingSection.tsx". Does the file exist?
  Plugin: vite:import-analysis
  File: /home/workspace/src/components/PricingSection.tsx:3:21
  1  |  import { jsxDEV } from "react/jsx-dev-runtime";
  2  |  import { Container, Section, H2, Sub, Card, Button, FadeIn } from "./ui";
  3  |  import { site } from "@/content";
     |                        ^
  4  |  const PricingCard = ({ tier }) => /* @__PURE__ */ jsxDEV(Card, { className: tier.highlighted ? "ring-2 ring-[var(--color-primary)]" : "", children: [
  5  |    /* @__PURE__ */ jsxDEV("div", { className: "flex items-baseline justify-between", children: [
      at TransformPluginContext._formatError (file:///home/workspace/node_modules/vite/dist/node/chunks/dep-D_zLpgQd.js:49258:41)
      at TransformPluginContext.error (file:///home/workspace/node_modules/vite/dist/node/chunks/dep-D_zLpgQd.js:49253:16)
      at normalizeUrl (file:///home/workspace/node_modules/vite/dist/node/chunks/dep-D_zLpgQd.js:64306:23)
      at process.processTicksAndRejections (node:internal/process/task_queues:105:5)
      at async file:///home/workspace/node_modules/vite/dist/node/chunks/dep-D_zLpgQd.js:64438:39
      at async Promise.all (index 2)
      at async TransformPluginContext.transform (file:///home/workspace/node_modules/vite/dist/node/chunks/dep-D_zLpgQd.js:64365:7)
      at async PluginContainer.transform (file:///home/workspace/node_modules/vite/dist/node/chunks/dep-D_zLpgQd.js:49099:18)
      at async loadAndTransform (file:///home/workspace/node_modules/vite/dist/node/chunks/dep-D_zLpgQd.js:51977:27)
      at async viteTransformMiddleware (file:///home/workspace/node_modules/vite/dist/node/chunks/dep-D_zLpgQd.js:62105:24)
6:40:03 PM [vite] Internal server error: Failed to resolve import "@/content" from "src/components/FAQSection.tsx". Does the file exist?
  Plugin: vite:import-analysis
  File: /home/workspace/src/components/FAQSection.tsx:3:21
  2  |  import { useState } from "react";
  3  |  import { Container, Section, H2 } from "./ui";
  4  |  import { site } from "@/content";
     |                        ^
  5  |  import { ChevronDown } from "lucide-react";
  6  |  const Item = ({ q, a }) => {
      at TransformPluginContext._formatError (file:///home/workspace/node_modules/vite/dist/node/chunks/dep-D_zLpgQd.js:49258:41)
      at TransformPluginContext.error (file:///home/workspace/node_modules/vite/dist/node/chunks/dep-D_zLpgQd.js:49253:16)
      at normalizeUrl (file:///home/workspace/node_modules/vite/dist/node/chunks/dep-D_zLpgQd.js:64306:23)
      at process.processTicksAndRejections (node:internal/process/task_queues:105:5)
      at async file:///home/workspace/node_modules/vite/dist/node/chunks/dep-D_zLpgQd.js:64438:39
      at async Promise.all (index 3)
      at async TransformPluginContext.transform (file:///home/workspace/node_modules/vite/dist/node/chunks/dep-D_zLpgQd.js:64365:7)
      at async PluginContainer.transform (file:///home/workspace/node_modules/vite/dist/node/chunks/dep-D_zLpgQd.js:49099:18)
      at async loadAndTransform (file:///home/workspace/node_modules/vite/dist/node/chunks/dep-D_zLpgQd.js:51977:27)
      at async viteTransformMiddleware (file:///home/workspace/node_modules/vite/dist/node/chunks/dep-D_zLpgQd.js:62105:24)
